Arguments: 
  /usr/local/bin/node /usr/local/bin/yarn build

PATH: 
  /usr/local/bin:/usr/bin:/bin:/usr/sbin:/sbin

Yarn version: 
  1.5.1

Node version: 
  8.10.0

Platform: 
  darwin x64

npm manifest: 
  {
    "name": "reveal.js",
    "version": "3.6.0",
    "description": "The HTML Presentation Framework",
    "homepage": "http://revealjs.com",
    "subdomain": "revealjs",
    "main": "js/reveal.js",
    "scripts": {
      "test": "grunt test",
      "start": "grunt serve",
      "build": "grunt"
    },
    "author": {
      "name": "Jamie Maple",
      "email": "jamiemaple007@gmail.com",
      "web": "http://demo.jamiemaple.com"
    },
    "devDependencies": {
      "babel-preset-env": "^1.6.1",
      "express": "^4.15.2",
      "grunt": "^1.0.1",
      "grunt-autoprefixer": "^3.0.4",
      "grunt-cli": "^1.2.0",
      "grunt-contrib-connect": "^1.0.2",
      "grunt-contrib-cssmin": "^2.1.0",
      "grunt-contrib-jshint": "^1.1.0",
      "grunt-contrib-qunit": "~1.2.0",
      "grunt-contrib-uglify": "^2.3.0",
      "grunt-contrib-watch": "^1.0.0",
      "grunt-retire": "^1.0.7",
      "grunt-sass": "^2.0.0",
      "grunt-zip": "~0.17.1",
      "mustache": "^2.3.0",
      "socket.io": "^1.7.3"
    },
    "license": "MIT"
  }

yarn manifest: 
  No manifest

Lockfile: 
  No lockfile

Trace: 
  Error: Command failed.
  Exit code: 99
  Command: sh
  Arguments: -c grunt
  Directory: /Users/jamie/Desktop/Maple/presentation/2018-presentation
  Output:
  
      at ProcessTermError.MessageError (/usr/local/lib/node_modules/yarn/lib/cli.js:186:110)
      at new ProcessTermError (/usr/local/lib/node_modules/yarn/lib/cli.js:226:113)
      at ChildProcess.<anonymous> (/usr/local/lib/node_modules/yarn/lib/cli.js:30281:17)
      at emitTwo (events.js:126:13)
      at ChildProcess.emit (events.js:214:7)
      at maybeClose (internal/child_process.js:925:16)
      at Process.ChildProcess._handle.onexit (internal/child_process.js:209:5)
